#
# A fatal error has been detected by the Java Runtime Environment:
#
#  SIGSEGV (0xb) at pc=0x00000001231cbac8, pid=4296, tid=35587
#
# JRE version: Java(TM) SE Runtime Environment (8.0_40-b27) (build 1.8.0_40-b27)
# Java VM: Java HotSpot(TM) 64-Bit Server VM (25.40-b25 mixed mode bsd-amd64 compressed oops)
# Problematic frame:
# C  [librocksdbjni4477685487371220045.jnilib+0x51ac8]  rocksdb::GetColumnFamilyID(rocksdb::ColumnFamilyHandle*)+0x8
#
# Failed to write core dump. Core dumps have been disabled. To enable core dumping, try "ulimit -c unlimited" before starting Java again
#
# If you would like to submit a bug report, please visit:
#   http://bugreport.java.com/bugreport/crash.jsp
# The crash happened outside the Java Virtual Machine in native code.
# See problematic frame for where to report the bug.
#

---------------  T H R E A D  ---------------

Current thread (0x00007ffa7c890000):  JavaThread "pool-1-thread-12" [_thread_in_native, id=35587, stack(0x000070000e902000,0x000070000ea02000)]

siginfo: si_signo: 11 (SIGSEGV), si_code: 0 (unknown), si_addr: 0x0000000000000000

Registers:
RAX=0xa000000000000000, RBX=0x000070000ea01558, RCX=0x000070000ea01608, RDX=0x00007ffa7ba712f0
RSP=0x000070000ea014b8, RBP=0x000070000ea014e0, RSI=0x000070000ea014f8, RDI=0x00007ffa7ba712f0
R8 =0x000070000ea01618, R9 =0x00000000ffff0fff, R10=0x00007ffa7bf00000, R11=0x00000ffa6d51097f
R12=0x000070000ea014f8, R13=0x000070000ea01618, R14=0x000070000ea01618, R15=0x000070000ea01608
RIP=0x00000001231cbac8, EFLAGS=0x0000000000010206, ERR=0x0000000000000000
  TRAPNO=0x000000000000000d

Top of Stack: (sp=0x000070000ea014b8)
0x000070000ea014b8:   00000001232e0d1f 000070000ea01648
0x000070000ea014c8:   000070000ea014f8 000070000ea01608
0x000070000ea014d8:   00007ffa7ba712f0 000070000ea01590
0x000070000ea014e8:   0000000123250388 00007ffa7bf00000
0x000070000ea014f8:   00000001235cfd20 0000000000000000
0x000070000ea01508:   0000000000000000 0000000000000000
0x000070000ea01518:   0000000000000000 0000000000000000
0x000070000ea01528:   0000000000000000 0000000000000051
0x000070000ea01538:   000000000000000c 00007ffa7bf11eb0
0x000070000ea01548:   00000001235dcaa0 00007ffa79b14200
0x000070000ea01558:   00007fff5a08830b 0000000000000008
0x000070000ea01568:   000070000ea01648 00000001235dcaa0
0x000070000ea01578:   000070000ea01648 0000000123250310
0x000070000ea01588:   000070000ea01608 000070000ea015b0
0x000070000ea01598:   000000012325031e 00007ffa7ba712f0
0x000070000ea015a8:   00007ffa79b14200 000070000ea015f0
0x000070000ea015b8:   00000001231d56a4 000070000ea01618
0x000070000ea015c8:   00007ffa7bf0c400 0000000000000020
0x000070000ea015d8:   0000000000000008 00007ffa7c8901f8
0x000070000ea015e8:   00007ffa7bc2b290 000070000ea01690
0x000070000ea015f8:   000000012318dfc0 000000079d6a1510
0x000070000ea01608:   00007ffa7bc2b290 0000000000000020
0x000070000ea01618:   00007ffa7bf0c400 0000000000000008
0x000070000ea01628:   0000000000000000 00000001235dcaa0
0x000070000ea01638:   00007ffa79b14200 00007ffa7bc2b290
0x000070000ea01648:   00000000f4e437cc 00000000f3ad4317
0x000070000ea01658:   0000000111000000 0000000000000000
0x000070000ea01668:   0000000000000020 000070000ea01728
0x000070000ea01678:   00007ffa79b14200 00007ffa7c8901f8
0x000070000ea01688:   0000000000000000 000070000ea016f0
0x000070000ea01698:   000000012318e0b5 0000000000000020
0x000070000ea016a8:   000070000ea01740 0000000000000000 

Instructions: (pc=0x00000001231cbac8)
0x00000001231cbaa8:   05 00 00 c3 0f 1f 40 00 48 8d 47 18 c3 66 66 2e
0x00000001231cbab8:   0f 1f 84 00 00 00 00 00 48 85 ff 74 06 48 8b 07
0x00000001231cbac8:   ff 60 18 31 c0 c3 66 90 48 85 ff 74 06 48 8b 07
0x00000001231cbad8:   ff 60 28 31 c0 c3 66 90 48 8d 05 c9 12 40 00 48 

Register to memory mapping:

RAX=0xa000000000000000 is an unknown value
RBX=0x000070000ea01558 is pointing into the stack for thread: 0x00007ffa7c890000
RCX=0x000070000ea01608 is pointing into the stack for thread: 0x00007ffa7c890000
RDX=0x00007ffa7ba712f0 is an unknown value
RSP=0x000070000ea014b8 is pointing into the stack for thread: 0x00007ffa7c890000
RBP=0x000070000ea014e0 is pointing into the stack for thread: 0x00007ffa7c890000
RSI=0x000070000ea014f8 is pointing into the stack for thread: 0x00007ffa7c890000
RDI=0x00007ffa7ba712f0 is an unknown value
R8 =0x000070000ea01618 is pointing into the stack for thread: 0x00007ffa7c890000
R9 =0x00000000ffff0fff is an unknown value
R10=0x00007ffa7bf00000 is an unknown value
R11=0x00000ffa6d51097f is an unknown value
R12=0x000070000ea014f8 is pointing into the stack for thread: 0x00007ffa7c890000
R13=0x000070000ea01618 is pointing into the stack for thread: 0x00007ffa7c890000
R14=0x000070000ea01618 is pointing into the stack for thread: 0x00007ffa7c890000
R15=0x000070000ea01608 is pointing into the stack for thread: 0x00007ffa7c890000


Stack: [0x000070000e902000,0x000070000ea02000],  sp=0x000070000ea014b8,  free space=1021k
Native frames: (J=compiled Java code, j=interpreted, Vv=VM code, C=native code)
C  [librocksdbjni4477685487371220045.jnilib+0x51ac8]  rocksdb::GetColumnFamilyID(rocksdb::ColumnFamilyHandle*)+0x8
C  [librocksdbjni4477685487371220045.jnilib+0xd6388]  rocksdb::DB::Put(rocksdb::WriteOptions const&, rocksdb::ColumnFamilyHandle*, rocksdb::Slice const&, rocksdb::Slice const&)+0x58
C  [librocksdbjni4477685487371220045.jnilib+0xd631e]  rocksdb::DBImpl::Put(rocksdb::WriteOptions const&, rocksdb::ColumnFamilyHandle*, rocksdb::Slice const&, rocksdb::Slice const&)+0xe
C  [librocksdbjni4477685487371220045.jnilib+0x5b6a4]  rocksdb::CompactedDBImpl::Open(rocksdb::Options const&, std::__1::basic_string<char, std::__1::char_traits<char>, std::__1::allocator<char> > const&, rocksdb::DB**)+0x2a4
C  [librocksdbjni4477685487371220045.jnilib+0x13fc0]  rocksdb_put_helper(JNIEnv_*, rocksdb::DB*, rocksdb::WriteOptions const&, rocksdb::ColumnFamilyHandle*, _jbyteArray*, int, int, _jbyteArray*, int, int)+0x150
C  [librocksdbjni4477685487371220045.jnilib+0x140b5]  Java_org_rocksdb_RocksDB_put__J_3BII_3BII+0x55
J 3789  org.rocksdb.RocksDB.put(J[BII[BII)V (0 bytes) @ 0x0000000110feb933 [0x0000000110feb840+0xf3]
J 3908 C2 com.example.demo.ImportToRocks.run()V (110 bytes) @ 0x0000000111b023f4 [0x0000000111b02240+0x1b4]

Java frames: (J=compiled Java code, j=interpreted, Vv=VM code)
J 3789  org.rocksdb.RocksDB.put(J[BII[BII)V (0 bytes) @ 0x0000000110feb8b9 [0x0000000110feb840+0x79]
J 3908 C2 com.example.demo.ImportToRocks.run()V (110 bytes) @ 0x0000000111b023f4 [0x0000000111b02240+0x1b4]
j  java.lang.Thread.run()V+11
j  java.util.concurrent.ThreadPoolExecutor.runWorker(Ljava/util/concurrent/ThreadPoolExecutor$Worker;)V+95
j  java.util.concurrent.ThreadPoolExecutor$Worker.run()V+5
j  java.lang.Thread.run()V+11
v  ~StubRoutines::call_stub

---------------  P R O C E S S  ---------------

Java Threads: ( => current thread )
  0x00007ffa7c891800 JavaThread "globalEventExecutor-2-2" [_thread_blocked, id=34823, stack(0x000070000ec0b000,0x000070000ed0b000)]
  0x00007ffa7d2dd000 JavaThread "Thread-2" [_thread_in_native, id=28163, stack(0x000070000eb08000,0x000070000ec08000)]
  0x00007ffa7c891000 JavaThread "SIGINT handler" daemon [_thread_blocked, id=35075, stack(0x000070000ea05000,0x000070000eb05000)]
=>0x00007ffa7c890000 JavaThread "pool-1-thread-12" [_thread_in_native, id=35587, stack(0x000070000e902000,0x000070000ea02000)]
  0x00007ffa7d974000 JavaThread "pool-1-thread-11" [_thread_in_native, id=27651, stack(0x000070000e7ff000,0x000070000e8ff000)]
  0x00007ffa7c88a000 JavaThread "pool-1-thread-10" [_thread_blocked, id=36355, stack(0x000070000e6fc000,0x000070000e7fc000)]
  0x00007ffa7c889000 JavaThread "pool-1-thread-9" [_thread_blocked, id=36611, stack(0x000070000e5f9000,0x000070000e6f9000)]
  0x00007ffa7e1f3000 JavaThread "pool-1-thread-8" [_thread_blocked, id=26883, stack(0x000070000e4f6000,0x000070000e5f6000)]
  0x00007ffa7d2dc000 JavaThread "pool-1-thread-7" [_thread_blocked, id=37123, stack(0x000070000e3f3000,0x000070000e4f3000)]
  0x00007ffa7cca5800 JavaThread "pool-1-thread-6" [_thread_blocked, id=37635, stack(0x000070000e2f0000,0x000070000e3f0000)]
  0x00007ffa7d2db800 JavaThread "pool-1-thread-5" [_thread_blocked, id=26371, stack(0x000070000e1ed000,0x000070000e2ed000)]
  0x00007ffa7a4b5000 JavaThread "pool-1-thread-4" [_thread_blocked, id=37891, stack(0x000070000e0ea000,0x000070000e1ea000)]
  0x00007ffa7a4bd000 JavaThread "pool-1-thread-3" [_thread_blocked, id=25611, stack(0x000070000dfe7000,0x000070000e0e7000)]
  0x00007ffa7c57f800 JavaThread "pool-1-thread-2" [_thread_blocked, id=38707, stack(0x000070000dee4000,0x000070000dfe4000)]
  0x00007ffa7aa8f800 JavaThread "pool-1-thread-1" [_thread_blocked, id=12811, stack(0x000070000dde1000,0x000070000dee1000)]
  0x00007ffa7a95c800 JavaThread "process reaper" daemon [_thread_blocked, id=16131, stack(0x000070000cac7000,0x000070000caef000)]
  0x00007ffa79865800 JavaThread "surefire-forkedjvm-ping-30s" daemon [_thread_blocked, id=15619, stack(0x000070000c9c4000,0x000070000cac4000)]
  0x00007ffa7a823800 JavaThread "Service Thread" daemon [_thread_blocked, id=14595, stack(0x000070000c6bb000,0x000070000c7bb000)]
  0x00007ffa7a810800 JavaThread "C1 CompilerThread2" daemon [_thread_blocked, id=14339, stack(0x000070000c5b8000,0x000070000c6b8000)]
  0x00007ffa7a810000 JavaThread "C2 CompilerThread1" daemon [_thread_blocked, id=18435, stack(0x000070000c4b5000,0x000070000c5b5000)]
  0x00007ffa7a802800 JavaThread "C2 CompilerThread0" daemon [_thread_blocked, id=18691, stack(0x000070000c3b2000,0x000070000c4b2000)]
  0x00007ffa7a047000 JavaThread "Signal Dispatcher" daemon [_thread_blocked, id=18947, stack(0x000070000c2af000,0x000070000c3af000)]
  0x00007ffa7a034000 JavaThread "Finalizer" daemon [_thread_blocked, id=20739, stack(0x000070000c1ac000,0x000070000c2ac000)]
  0x00007ffa79820000 JavaThread "Reference Handler" daemon [_thread_blocked, id=12035, stack(0x000070000c0a9000,0x000070000c1a9000)]
  0x00007ffa7a006800 JavaThread "main" [_thread_blocked, id=9987, stack(0x000070000ba97000,0x000070000bb97000)]

Other Threads:
  0x00007ffa7981d000 VMThread [stack: 0x000070000bfa6000,0x000070000c0a6000] [id=21251]
  0x00007ffa7b015800 WatcherThread [stack: 0x000070000c7be000,0x000070000c8be000] [id=17667]

VM state:not at safepoint (normal execution)

VM Mutex/Monitor currently owned by a thread: None

Heap:
 PSYoungGen      total 279040K, used 151716K [0x0000000795580000, 0x00000007a7680000, 0x00000007c0000000)
  eden space 268288K, 53% used [0x0000000795580000,0x000000079e18c1e0,0x00000007a5b80000)
  from space 10752K, 77% used [0x00000007a6c00000,0x00000007a741cf70,0x00000007a7680000)
  to   space 13824K, 0% used [0x00000007a5b80000,0x00000007a5b80000,0x00000007a6900000)
 ParOldGen       total 86528K, used 19091K [0x0000000740000000, 0x0000000745480000, 0x0000000795580000)
  object space 86528K, 22% used [0x0000000740000000,0x00000007412a4e78,0x0000000745480000)
 Metaspace       used 42034K, capacity 43848K, committed 44120K, reserved 1087488K
  class space    used 5651K, capacity 5982K, committed 6016K, reserved 1048576K

Card table byte_map: [0x000000010899e000,0x0000000108d9f000] byte_map_base: 0x0000000104f9e000

Marking Bits: (ParMarkBitMap*) 0x0000000107ec27a0
 Begin Bits: [0x000000010904a000, 0x000000010b04a000)
 End Bits:   [0x000000010b04a000, 0x000000010d04a000)

Polling page: 0x0000000106ddf000

CodeCache: size=245760Kb used=12593Kb max_used=12813Kb free=233166Kb
 bounds [0x0000000110ea2000, 0x0000000111b42000, 0x000000011fea2000]
 total_blobs=3952 nmethods=3478 adapters=386
 compilation: enabled

Compilation events (10 events):
Event: 13.887 Thread 0x00007ffa7a810800 3917       1       java.util.concurrent.ConcurrentHashMap$MapEntry::getValue (5 bytes)
Event: 13.888 Thread 0x00007ffa7a810800 nmethod 3917 0x00000001112edd10 code [0x00000001112ede60, 0x00000001112edf70]
Event: 13.893 Thread 0x00007ffa7a810800 3918       3       java.io.PrintStream::ensureOpen (18 bytes)
Event: 13.893 Thread 0x00007ffa7a810800 nmethod 3918 0x000000011102b4d0 code [0x000000011102b640, 0x000000011102b868]
Event: 13.894 Thread 0x00007ffa7a810800 3919   !   3       java.io.PrintStream::flush (35 bytes)
Event: 13.895 Thread 0x00007ffa7a810800 nmethod 3919 0x0000000111321990 code [0x0000000111321b40, 0x0000000111322098]
Event: 13.897 Thread 0x00007ffa7a802800 3920       4       java.util.HashSet::isEmpty (8 bytes)
Event: 13.898 Thread 0x00007ffa7a802800 nmethod 3920 0x0000000111240850 code [0x00000001112409a0, 0x0000000111240a18]
Event: 13.921 Thread 0x00007ffa7a810800 3926   !   3       java.util.concurrent.ConcurrentHashMap::clear (176 bytes)
Event: 13.922 Thread 0x00007ffa7a810800 nmethod 3926 0x00000001112ef450 code [0x00000001112ef660, 0x00000001112f03f8]

GC Heap History (10 events):
Event: 7.218 GC heap before
{Heap before GC invocations=10 (full 2):
 PSYoungGen      total 111616K, used 100864K [0x0000000795580000, 0x00000007a0500000, 0x00000007c0000000)
  eden space 100864K, 100% used [0x0000000795580000,0x000000079b800000,0x000000079b800000)
  from space 10752K, 0% used [0x000000079b800000,0x000000079b800000,0x000000079c280000)
  to   space 11264K, 0% used [0x000000079fa00000,0x000000079fa00000,0x00000007a0500000)
 ParOldGen       total 86528K, used 12276K [0x0000000740000000, 0x0000000745480000, 0x0000000795580000)
  object space 86528K, 14% used [0x0000000740000000,0x0000000740bfd348,0x0000000745480000)
 Metaspace       used 38415K, capacity 40010K, committed 40280K, reserved 1083392K
  class space    used 5053K, capacity 5381K, committed 5504K, reserved 1048576K
Event: 7.231 GC heap after
Heap after GC invocations=10 (full 2):
 PSYoungGen      total 160256K, used 7297K [0x0000000795580000, 0x00000007a0180000, 0x00000007c0000000)
  eden space 152576K, 0% used [0x0000000795580000,0x0000000795580000,0x000000079ea80000)
  from space 7680K, 95% used [0x000000079fa00000,0x00000007a0120648,0x00000007a0180000)
  to   space 10752K, 0% used [0x000000079ec80000,0x000000079ec80000,0x000000079f700000)
 ParOldGen       total 86528K, used 12284K [0x0000000740000000, 0x0000000745480000, 0x0000000795580000)
  object space 86528K, 14% used [0x0000000740000000,0x0000000740bff348,0x0000000745480000)
 Metaspace       used 38415K, capacity 40010K, committed 40280K, reserved 1083392K
  class space    used 5053K, capacity 5381K, committed 5504K, reserved 1048576K
}
Event: 9.590 GC heap before
{Heap before GC invocations=11 (full 2):
 PSYoungGen      total 160256K, used 159873K [0x0000000795580000, 0x00000007a0180000, 0x00000007c0000000)
  eden space 152576K, 100% used [0x0000000795580000,0x000000079ea80000,0x000000079ea80000)
  from space 7680K, 95% used [0x000000079fa00000,0x00000007a0120648,0x00000007a0180000)
  to   space 10752K, 0% used [0x000000079ec80000,0x000000079ec80000,0x000000079f700000)
 ParOldGen       total 86528K, used 12284K [0x0000000740000000, 0x0000000745480000, 0x0000000795580000)
  object space 86528K, 14% used [0x0000000740000000,0x0000000740bff348,0x0000000745480000)
 Metaspace       used 41812K, capacity 43684K, committed 43864K, reserved 1087488K
  class space    used 5620K, capacity 5970K, committed 6016K, reserved 1048576K
Event: 9.610 GC heap after
Heap after GC invocations=11 (full 2):
 PSYoungGen      total 165376K, used 10723K [0x0000000795580000, 0x00000007a2e80000, 0x00000007c0000000)
  eden space 154624K, 0% used [0x0000000795580000,0x0000000795580000,0x000000079ec80000)
  from space 10752K, 99% used [0x000000079ec80000,0x000000079f6f8f80,0x000000079f700000)
  to   space 13312K, 0% used [0x00000007a2180000,0x00000007a2180000,0x00000007a2e80000)
 ParOldGen       total 86528K, used 15931K [0x0000000740000000, 0x0000000745480000, 0x0000000795580000)
  object space 86528K, 18% used [0x0000000740000000,0x0000000740f8ee58,0x0000000745480000)
 Metaspace       used 41812K, capacity 43684K, committed 43864K, reserved 1087488K
  class space    used 5620K, capacity 5970K, committed 6016K, reserved 1048576K
}
Event: 10.590 GC heap before
{Heap before GC invocations=12 (full 2):
 PSYoungGen      total 165376K, used 165347K [0x0000000795580000, 0x00000007a2e80000, 0x00000007c0000000)
  eden space 154624K, 100% used [0x0000000795580000,0x000000079ec80000,0x000000079ec80000)
  from space 10752K, 99% used [0x000000079ec80000,0x000000079f6f8f80,0x000000079f700000)
  to   space 13312K, 0% used [0x00000007a2180000,0x00000007a2180000,0x00000007a2e80000)
 ParOldGen       total 86528K, used 15931K [0x0000000740000000, 0x0000000745480000, 0x0000000795580000)
  object space 86528K, 18% used [0x0000000740000000,0x0000000740f8ee58,0x0000000745480000)
 Metaspace       used 41816K, capacity 43684K, committed 43864K, reserved 1087488K
  class space    used 5620K, capacity 5970K, committed 6016K, reserved 1048576K
Event: 10.605 GC heap after
Heap after GC invocations=12 (full 2):
 PSYoungGen      total 208384K, used 11363K [0x0000000795580000, 0x00000007a3180000, 0x00000007c0000000)
  eden space 195072K, 0% used [0x0000000795580000,0x0000000795580000,0x00000007a1400000)
  from space 13312K, 85% used [0x00000007a2180000,0x00000007a2c98f80,0x00000007a2e80000)
  to   space 13824K, 0% used [0x00000007a1400000,0x00000007a1400000,0x00000007a2180000)
 ParOldGen       total 86528K, used 15939K [0x0000000740000000, 0x0000000745480000, 0x0000000795580000)
  object space 86528K, 18% used [0x0000000740000000,0x0000000740f90e58,0x0000000745480000)
 Metaspace       used 41816K, capacity 43684K, committed 43864K, reserved 1087488K
  class space    used 5620K, capacity 5970K, committed 6016K, reserved 1048576K
}
Event: 11.831 GC heap before
{Heap before GC invocations=13 (full 2):
 PSYoungGen      total 208384K, used 206435K [0x0000000795580000, 0x00000007a3180000, 0x00000007c0000000)
  eden space 195072K, 100% used [0x0000000795580000,0x00000007a1400000,0x00000007a1400000)
  from space 13312K, 85% used [0x00000007a2180000,0x00000007a2c98f80,0x00000007a2e80000)
  to   space 13824K, 0% used [0x00000007a1400000,0x00000007a1400000,0x00000007a2180000)
 ParOldGen       total 86528K, used 15939K [0x0000000740000000, 0x0000000745480000, 0x0000000795580000)
  object space 86528K, 18% used [0x0000000740000000,0x0000000740f90e58,0x0000000745480000)
 Metaspace       used 41817K, capacity 43684K, committed 43864K, reserved 1087488K
  class space    used 5620K, capacity 5970K, committed 6016K, reserved 1048576K
Event: 11.956 GC heap after
Heap after GC invocations=13 (full 2):
 PSYoungGen      total 208896K, used 11427K [0x0000000795580000, 0x00000007a7a00000, 0x00000007c0000000)
  eden space 195072K, 0% used [0x0000000795580000,0x0000000795580000,0x00000007a1400000)
  from space 13824K, 82% used [0x00000007a1400000,0x00000007a1f28f80,0x00000007a2180000)
  to   space 14336K, 0% used [0x00000007a6c00000,0x00000007a6c00000,0x00000007a7a00000)
 ParOldGen       total 86528K, used 15939K [0x0000000740000000, 0x0000000745480000, 0x0000000795580000)
  object space 86528K, 18% used [0x0000000740000000,0x0000000740f90e58,0x0000000745480000)
 Metaspace       used 41817K, capacity 43684K, committed 43864K, reserved 1087488K
  class space    used 5620K, capacity 5970K, committed 6016K, reserved 1048576K
}
Event: 13.112 GC heap before
{Heap before GC invocations=14 (full 2):
 PSYoungGen      total 208896K, used 206499K [0x0000000795580000, 0x00000007a7a00000, 0x00000007c0000000)
  eden space 195072K, 100% used [0x0000000795580000,0x00000007a1400000,0x00000007a1400000)
  from space 13824K, 82% used [0x00000007a1400000,0x00000007a1f28f80,0x00000007a2180000)
  to   space 14336K, 0% used [0x00000007a6c00000,0x00000007a6c00000,0x00000007a7a00000)
 ParOldGen       total 86528K, used 15939K [0x0000000740000000, 0x0000000745480000, 0x0000000795580000)
  object space 86528K, 18% used [0x0000000740000000,0x0000000740f90e58,0x0000000745480000)
 Metaspace       used 41817K, capacity 43684K, committed 43864K, reserved 1087488K
  class space    used 5620K, capacity 5970K, committed 6016K, reserved 1048576K
Event: 13.137 GC heap after
Heap after GC invocations=14 (full 2):
 PSYoungGen      total 279040K, used 8307K [0x0000000795580000, 0x00000007a7680000, 0x00000007c0000000)
  eden space 268288K, 0% used [0x0000000795580000,0x0000000795580000,0x00000007a5b80000)
  from space 10752K, 77% used [0x00000007a6c00000,0x00000007a741cf70,0x00000007a7680000)
  to   space 13824K, 0% used [0x00000007a5b80000,0x00000007a5b80000,0x00000007a6900000)
 ParOldGen       total 86528K, used 19091K [0x0000000740000000, 0x0000000745480000, 0x0000000795580000)
  object space 86528K, 22% used [0x0000000740000000,0x00000007412a4e78,0x0000000745480000)
 Metaspace       used 41817K, capacity 43684K, committed 43864K, reserved 1087488K
  class space    used 5620K, capacity 5970K, committed 6016K, reserved 1048576K
}

Deoptimization events (10 events):
Event: 7.730 Thread 0x00007ffa7a006800 Uncommon trap: reason=class_check action=maybe_recompile pc=0x000000011140a5bc method=java.util.concurrent.ConcurrentHashMap.putVal(Ljava/lang/Object;Ljava/lang/Object;Z)Ljava/lang/Object; @ 192
Event: 7.773 Thread 0x00007ffa7a006800 Uncommon trap: reason=class_check action=maybe_recompile pc=0x000000011140a5bc method=java.util.concurrent.ConcurrentHashMap.putVal(Ljava/lang/Object;Ljava/lang/Object;Z)Ljava/lang/Object; @ 192
Event: 8.109 Thread 0x00007ffa7a006800 Uncommon trap: reason=unstable_if action=reinterpret pc=0x00000001117ba774 method=org.springframework.util.ConcurrentReferenceHashMap$Segment.clear()V @ 4
Event: 8.492 Thread 0x00007ffa7a006800 Uncommon trap: reason=bimorphic action=maybe_recompile pc=0x00000001119b01d0 method=java.util.AbstractList$Itr.next()Ljava/lang/Object; @ 14
Event: 8.495 Thread 0x00007ffa7a006800 Uncommon trap: reason=bimorphic action=maybe_recompile pc=0x00000001119b01d0 method=java.util.AbstractList$Itr.next()Ljava/lang/Object; @ 14
Event: 8.495 Thread 0x00007ffa7a006800 Uncommon trap: reason=bimorphic action=maybe_recompile pc=0x00000001119b01d0 method=java.util.AbstractList$Itr.next()Ljava/lang/Object; @ 14
Event: 8.495 Thread 0x00007ffa7a006800 Uncommon trap: reason=bimorphic action=maybe_recompile pc=0x00000001119b01d0 method=java.util.AbstractList$Itr.next()Ljava/lang/Object; @ 14
Event: 8.683 Thread 0x00007ffa7a006800 Uncommon trap: reason=unstable_if action=reinterpret pc=0x0000000111064164 method=sun.nio.cs.UTF_8$Encoder.encode([CII[B)I @ 33
Event: 8.707 Thread 0x00007ffa7aa8f800 Uncommon trap: reason=unstable_if action=reinterpret pc=0x000000011133660c method=java.lang.StringCoding.encode(Ljava/lang/String;[CII)[B @ 38
Event: 10.112 Thread 0x00007ffa7aa8f800 Uncommon trap: reason=unstable_if action=reinterpret pc=0x000000011175e088 method=java.lang.Character.isSurrogate(C)Z @ 3

Internal exceptions (10 events):
Event: 8.025 Thread 0x00007ffa7a006800 Exception <a 'java/lang/ClassNotFoundException': org/springframework/beans/factory/DisposableBeanCustomizer> (0x00000007998379e0) thrown at [/Users/java_re/workspace/8-2-build-macosx-x86_64/jdk8u40/3153/hotspot/src/share/vm/classfile/systemDictionary.cpp,
Event: 8.037 Thread 0x00007ffa7a006800 Exception <a 'java/lang/ClassNotFoundException': java/lang/ObjectCustomizer> (0x000000079985bc08) thrown at [/Users/java_re/workspace/8-2-build-macosx-x86_64/jdk8u40/3153/hotspot/src/share/vm/classfile/systemDictionary.cpp, line 210]
Event: 8.041 Thread 0x00007ffa7a006800 Exception <a 'java/lang/ClassNotFoundException': org/springframework/web/multipart/support/StandardServletMultipartResolverCustomizer> (0x00000007998959a0) thrown at [/Users/java_re/workspace/8-2-build-macosx-x86_64/jdk8u40/3153/hotspot/src/share/vm/class
Event: 8.042 Thread 0x00007ffa7a006800 Exception <a 'java/lang/ClassNotFoundException': org/springframework/web/multipart/MultipartResolverCustomizer> (0x00000007998b29f8) thrown at [/Users/java_re/workspace/8-2-build-macosx-x86_64/jdk8u40/3153/hotspot/src/share/vm/classfile/systemDictionary.c
Event: 8.266 Thread 0x00007ffa7a006800 Exception <a 'java/lang/ClassNotFoundException': java/lang/ObjectCustomizer> (0x0000000799bdfc18) thrown at [/Users/java_re/workspace/8-2-build-macosx-x86_64/jdk8u40/3153/hotspot/src/share/vm/classfile/systemDictionary.cpp, line 210]
Event: 8.272 Thread 0x00007ffa7a006800 Exception <a 'java/lang/ClassNotFoundException': com/example/demo/DemoApplicationTestsCustomizer> (0x0000000799bf7250) thrown at [/Users/java_re/workspace/8-2-build-macosx-x86_64/jdk8u40/3153/hotspot/src/share/vm/classfile/systemDictionary.cpp, line 210]
Event: 13.891 Thread 0x00007ffa7d2dd000 Exception <a 'java/io/IOException'> (0x000000079d80a5f0) thrown at [/Users/java_re/workspace/8-2-build-macosx-x86_64/jdk8u40/3153/hotspot/src/share/vm/prims/jni.cpp, line 709]
Event: 13.900 Thread 0x00007ffa7d2dd000 Exception <a 'java/lang/NoSuchMethodError': java.lang.Object.lambda$toStream$0(Ljava/util/Optional;)Ljava/util/stream/Stream;> (0x000000079d81f998) thrown at [/Users/java_re/workspace/8-2-build-macosx-x86_64/jdk8u40/3153/hotspot/src/share/vm/interpreter/l
Event: 13.902 Thread 0x00007ffa7d2dd000 Exception <a 'java/lang/NoSuchMethodError': java.lang.Object.of(Ljava/lang/Object;)Ljava/util/stream/Stream;> (0x000000079d8284a8) thrown at [/Users/java_re/workspace/8-2-build-macosx-x86_64/jdk8u40/3153/hotspot/src/share/vm/interpreter/linkResolver.cpp, 
Event: 13.903 Thread 0x00007ffa7d2dd000 Exception <a 'java/lang/NoSuchMethodError': java.lang.Object.empty()Ljava/util/stream/Stream;> (0x000000079d82ac10) thrown at [/Users/java_re/workspace/8-2-build-macosx-x86_64/jdk8u40/3153/hotspot/src/share/vm/interpreter/linkResolver.cpp, line 582]

Events (10 events):
Event: 13.930 Executing VM operation: RevokeBias
Event: 13.930 Executing VM operation: RevokeBias done
Event: 13.930 Thread 0x00007ffa7c896800 Thread exited: 0x00007ffa7c896800
Event: 13.931 Thread 0x00007ffa7c897000 Thread exited: 0x00007ffa7c897000
Event: 13.931 Executing VM operation: RevokeBias
Event: 13.931 Executing VM operation: RevokeBias done
Event: 13.931 Thread 0x00007ffa7ca25800 Thread exited: 0x00007ffa7ca25800
Event: 13.931 Thread 0x00007ffa7ca26800 Thread exited: 0x00007ffa7ca26800
Event: 13.931 Executing VM operation: RevokeBias
Event: 13.931 Executing VM operation: RevokeBias done


Dynamic libraries:
0x00000000026b6000 	/System/Library/Frameworks/Cocoa.framework/Versions/A/Cocoa
0x00000000026b6000 	/System/Library/Frameworks/Security.framework/Versions/A/Security
0x00000000026b6000 	/System/Library/Frameworks/ApplicationServices.framework/Versions/A/ApplicationServices
0x00000000026b6000 	/usr/lib/libz.1.dylib
0x00000000026b6000 	/usr/lib/libSystem.B.dylib
0x00000000026b6000 	/usr/lib/libobjc.A.dylib
0x00000000026b6000 	/System/Library/Frameworks/CoreFoundation.framework/Versions/A/CoreFoundation
0x00000000026b6000 	/System/Library/Frameworks/Foundation.framework/Versions/C/Foundation
0x00000000026b6000 	/System/Library/Frameworks/AppKit.framework/Versions/C/AppKit
0x00000000026b6000 	/System/Library/Frameworks/CoreData.framework/Versions/A/CoreData
0x00000000026b6000 	/System/Library/PrivateFrameworks/RemoteViewServices.framework/Versions/A/RemoteViewServices
0x00000000026b6000 	/System/Library/PrivateFrameworks/UIFoundation.framework/Versions/A/UIFoundation
0x00000000026b6000 	/System/Library/PrivateFrameworks/XCTTargetBootstrap.framework/Versions/A/XCTTargetBootstrap
0x00000000026b6000 	/System/Library/Frameworks/CoreDisplay.framework/Versions/A/CoreDisplay
0x00000000026b6000 	/System/Library/PrivateFrameworks/IconServices.framework/Versions/A/IconServices
0x00000000026b6000 	/System/Library/Frameworks/Metal.framework/Versions/A/Metal
0x00000000026b6000 	/System/Library/PrivateFrameworks/DesktopServicesPriv.framework/Versions/A/DesktopServicesPriv
0x00000000026b6000 	/usr/lib/libenergytrace.dylib
0x00000000026b6000 	/System/Library/PrivateFrameworks/SkyLight.framework/Versions/A/SkyLight
0x00000000026b6000 	/System/Library/Frameworks/CoreGraphics.framework/Versions/A/CoreGraphics
0x00000000026b6000 	/System/Library/Frameworks/Accelerate.framework/Versions/A/Accelerate
0x00000000026b6000 	/System/Library/Frameworks/IOSurface.framework/Versions/A/IOSurface
0x00000000026b6000 	/System/Library/PrivateFrameworks/DFRFoundation.framework/Versions/A/DFRFoundation
0x00000000026b6000 	/System/Library/Frameworks/AudioToolbox.framework/Versions/A/AudioToolbox
0x00000000026b6000 	/System/Library/Frameworks/AudioUnit.framework/Versions/A/AudioUnit
0x00000000026b6000 	/System/Library/PrivateFrameworks/DataDetectorsCore.framework/Versions/A/DataDetectorsCore
0x00000000026b6000 	/System/Library/Frameworks/Carbon.framework/Versions/A/Frameworks/HIToolbox.framework/Versions/A/HIToolbox
0x00000000026b6000 	/usr/lib/libicucore.A.dylib
0x00000000026b6000 	/System/Library/Frameworks/QuartzCore.framework/Versions/A/QuartzCore
0x00000000026b6000 	/System/Library/Frameworks/Carbon.framework/Versions/A/Frameworks/SpeechRecognition.framework/Versions/A/SpeechRecognition
0x00000000026b6000 	/usr/lib/libauto.dylib
0x00000000026b6000 	/usr/lib/libxml2.2.dylib
0x00000000026b6000 	/System/Library/PrivateFrameworks/CoreUI.framework/Versions/A/CoreUI
0x00000000026b6000 	/System/Library/Frameworks/CoreAudio.framework/Versions/A/CoreAudio
0x00000000026b6000 	/System/Library/Frameworks/DiskArbitration.framework/Versions/A/DiskArbitration
0x00000000026b6000 	/usr/lib/liblangid.dylib
0x00000000026b6000 	/System/Library/PrivateFrameworks/MultitouchSupport.framework/Versions/A/MultitouchSupport
0x00000000026b6000 	/System/Library/Frameworks/IOKit.framework/Versions/A/IOKit
0x00000000026b6000 	/usr/lib/libDiagnosticMessagesClient.dylib
0x00000000026b6000 	/System/Library/Frameworks/CoreServices.framework/Versions/A/CoreServices
0x00000000026b6000 	/System/Library/PrivateFrameworks/PerformanceAnalysis.framework/Versions/A/PerformanceAnalysis
0x00000000026b6000 	/System/Library/Frameworks/OpenGL.framework/Versions/A/OpenGL
0x00000000026b6000 	/System/Library/Frameworks/ColorSync.framework/Versions/A/ColorSync
0x00000000026b6000 	/System/Library/Frameworks/CoreImage.framework/Versions/A/CoreImage
0x00000000026b6000 	/System/Library/Frameworks/CoreText.framework/Versions/A/CoreText
0x00000000026b6000 	/System/Library/Frameworks/ImageIO.framework/Versions/A/ImageIO
0x00000000026b6000 	/System/Library/PrivateFrameworks/Backup.framework/Versions/A/Backup
0x00000000026b6000 	/usr/lib/libarchive.2.dylib
0x00000000026b6000 	/System/Library/Frameworks/CFNetwork.framework/Versions/A/CFNetwork
0x00000000026b6000 	/System/Library/Frameworks/SystemConfiguration.framework/Versions/A/SystemConfiguration
0x00000000026b6000 	/usr/lib/libCRFSuite.dylib
0x00000000026b6000 	/usr/lib/libc++.1.dylib
0x00000000026b6000 	/usr/lib/libc++abi.dylib
0x00000000026b6000 	/usr/lib/system/libcache.dylib
0x00000000026b6000 	/usr/lib/system/libcommonCrypto.dylib
0x00000000026b6000 	/usr/lib/system/libcompiler_rt.dylib
0x00000000026b6000 	/usr/lib/system/libcopyfile.dylib
0x00000000026b6000 	/usr/lib/system/libcorecrypto.dylib
0x00000000026b6000 	/usr/lib/system/libdispatch.dylib
0x00000000026b6000 	/usr/lib/system/libdyld.dylib
0x00000000026b6000 	/usr/lib/system/libkeymgr.dylib
0x00000000026b6000 	/usr/lib/system/liblaunch.dylib
0x00000000026b6000 	/usr/lib/system/libmacho.dylib
0x00000000026b6000 	/usr/lib/system/libquarantine.dylib
0x00000000026b6000 	/usr/lib/system/libremovefile.dylib
0x00000000026b6000 	/usr/lib/system/libsystem_asl.dylib
0x00000000026b6000 	/usr/lib/system/libsystem_blocks.dylib
0x00000000026b6000 	/usr/lib/system/libsystem_c.dylib
0x00000000026b6000 	/usr/lib/system/libsystem_configuration.dylib
0x00000000026b6000 	/usr/lib/system/libsystem_coreservices.dylib
0x00000000026b6000 	/usr/lib/system/libsystem_darwin.dylib
0x00000000026b6000 	/usr/lib/system/libsystem_dnssd.dylib
0x00000000026b6000 	/usr/lib/system/libsystem_info.dylib
0x00000000026b6000 	/usr/lib/system/libsystem_m.dylib
0x00000000026b6000 	/usr/lib/system/libsystem_malloc.dylib
0x00000000026b6000 	/usr/lib/system/libsystem_networkextension.dylib
0x00000000026b6000 	/usr/lib/system/libsystem_notify.dylib
0x00000000026b6000 	/usr/lib/system/libsystem_sandbox.dylib
0x00000000026b6000 	/usr/lib/system/libsystem_secinit.dylib
0x00000000026b6000 	/usr/lib/system/libsystem_kernel.dylib
0x00000000026b6000 	/usr/lib/system/libsystem_platform.dylib
0x00000000026b6000 	/usr/lib/system/libsystem_pthread.dylib
0x00000000026b6000 	/usr/lib/system/libsystem_symptoms.dylib
0x00000000026b6000 	/usr/lib/system/libsystem_trace.dylib
0x00000000026b6000 	/usr/lib/system/libunwind.dylib
0x00000000026b6000 	/usr/lib/system/libxpc.dylib
0x00000000026b6000 	/usr/lib/libbsm.0.dylib
0x00000000026b6000 	/usr/lib/system/libkxld.dylib
0x00000000026b6000 	/System/Library/PrivateFrameworks/AppleFSCompression.framework/Versions/A/AppleFSCompression
0x00000000026b6000 	/usr/lib/libOpenScriptingUtil.dylib
0x00000000026b6000 	/usr/lib/libcoretls.dylib
0x00000000026b6000 	/usr/lib/libcoretls_cfhelpers.dylib
0x00000000026b6000 	/usr/lib/libpam.2.dylib
0x00000000026b6000 	/usr/lib/libsqlite3.dylib
0x00000000026b6000 	/usr/lib/libxar.1.dylib
0x00000000026b6000 	/usr/lib/libbz2.1.0.dylib
0x00000000026b6000 	/usr/lib/liblzma.5.dylib
0x00000000026b6000 	/usr/lib/libnetwork.dylib
0x00000000026b6000 	/usr/lib/libapple_nghttp2.dylib
0x00000000026b6000 	/usr/lib/libpcap.A.dylib
0x00000000026b6000 	/System/Library/Frameworks/CoreServices.framework/Versions/A/Frameworks/FSEvents.framework/Versions/A/FSEvents
0x00000000026b6000 	/System/Library/Frameworks/CoreServices.framework/Versions/A/Frameworks/CarbonCore.framework/Versions/A/CarbonCore
0x00000000026b6000 	/System/Library/Frameworks/CoreServices.framework/Versions/A/Frameworks/Metadata.framework/Versions/A/Metadata
0x00000000026b6000 	/System/Library/Frameworks/CoreServices.framework/Versions/A/Frameworks/OSServices.framework/Versions/A/OSServices
0x00000000026b6000 	/System/Library/Frameworks/CoreServices.framework/Versions/A/Frameworks/SearchKit.framework/Versions/A/SearchKit
0x00000000026b6000 	/System/Library/Frameworks/CoreServices.framework/Versions/A/Frameworks/AE.framework/Versions/A/AE
0x00000000026b6000 	/System/Library/Frameworks/CoreServices.framework/Versions/A/Frameworks/LaunchServices.framework/Versions/A/LaunchServices
0x00000000026b6000 	/System/Library/Frameworks/CoreServices.framework/Versions/A/Frameworks/DictionaryServices.framework/Versions/A/DictionaryServices
0x00000000026b6000 	/System/Library/Frameworks/CoreServices.framework/Versions/A/Frameworks/SharedFileList.framework/Versions/A/SharedFileList
0x00000000026b6000 	/System/Library/Frameworks/NetFS.framework/Versions/A/NetFS
0x00000000026b6000 	/System/Library/PrivateFrameworks/NetAuth.framework/Versions/A/NetAuth
0x00000000026b6000 	/System/Library/PrivateFrameworks/login.framework/Versions/A/Frameworks/loginsupport.framework/Versions/A/loginsupport
0x00000000026b6000 	/System/Library/PrivateFrameworks/TCC.framework/Versions/A/TCC
0x00000000026b6000 	/System/Library/PrivateFrameworks/CoreNLP.framework/Versions/A/CoreNLP
0x00000000026b6000 	/System/Library/PrivateFrameworks/MetadataUtilities.framework/Versions/A/MetadataUtilities
0x00000000026b6000 	/usr/lib/libmecabra.dylib
0x00000000026b6000 	/System/Library/Frameworks/ApplicationServices.framework/Versions/A/Frameworks/ATS.framework/Versions/A/ATS
0x00000000026b6000 	/System/Library/Frameworks/ApplicationServices.framework/Versions/A/Frameworks/ColorSyncLegacy.framework/Versions/A/ColorSyncLegacy
0x00000000026b6000 	/System/Library/Frameworks/ApplicationServices.framework/Versions/A/Frameworks/HIServices.framework/Versions/A/HIServices
0x00000000026b6000 	/System/Library/Frameworks/ApplicationServices.framework/Versions/A/Frameworks/LangAnalysis.framework/Versions/A/LangAnalysis
0x00000000026b6000 	/System/Library/Frameworks/ApplicationServices.framework/Versions/A/Frameworks/PrintCore.framework/Versions/A/PrintCore
0x00000000026b6000 	/System/Library/Frameworks/ApplicationServices.framework/Versions/A/Frameworks/QD.framework/Versions/A/QD
0x00000000026b6000 	/System/Library/Frameworks/ApplicationServices.framework/Versions/A/Frameworks/SpeechSynthesis.framework/Versions/A/SpeechSynthesis
0x00000000026b6000 	/usr/lib/libcompression.dylib
0x00000000026b6000 	/System/Library/Frameworks/MetalPerformanceShaders.framework/Versions/A/MetalPerformanceShaders
0x00000000026b6000 	/System/Library/Frameworks/Accelerate.framework/Versions/A/Frameworks/vImage.framework/Versions/A/vImage
0x00000000026b6000 	/System/Library/Frameworks/Accelerate.framework/Versions/A/Frameworks/vecLib.framework/Versions/A/vecLib
0x00000000026b6000 	/System/Library/Frameworks/Accelerate.framework/Versions/A/Frameworks/vecLib.framework/Versions/A/libvMisc.dylib
0x00000000026b6000 	/System/Library/Frameworks/Accelerate.framework/Versions/A/Frameworks/vecLib.framework/Versions/A/libvDSP.dylib
0x00000000026b6000 	/System/Library/Frameworks/Accelerate.framework/Versions/A/Frameworks/vecLib.framework/Versions/A/libBLAS.dylib
0x00000000026b6000 	/System/Library/Frameworks/Accelerate.framework/Versions/A/Frameworks/vecLib.framework/Versions/A/libLAPACK.dylib
0x00000000026b6000 	/System/Library/Frameworks/Accelerate.framework/Versions/A/Frameworks/vecLib.framework/Versions/A/libLinearAlgebra.dylib
0x00000000026b6000 	/System/Library/Frameworks/Accelerate.framework/Versions/A/Frameworks/vecLib.framework/Versions/A/libSparseBLAS.dylib
0x00000000026b6000 	/System/Library/Frameworks/Accelerate.framework/Versions/A/Frameworks/vecLib.framework/Versions/A/libQuadrature.dylib
0x00000000026b6000 	/System/Library/Frameworks/Accelerate.framework/Versions/A/Frameworks/vecLib.framework/Versions/A/libBNNS.dylib
0x00000000026b6000 	/System/Library/Frameworks/Accelerate.framework/Versions/A/Frameworks/vecLib.framework/Versions/A/libSparse.dylib
0x00000000026b6000 	/System/Library/PrivateFrameworks/GPUWrangler.framework/Versions/A/GPUWrangler
0x00000000026b6000 	/System/Library/PrivateFrameworks/IOAccelerator.framework/Versions/A/IOAccelerator
0x00000000026b6000 	/System/Library/PrivateFrameworks/IOPresentment.framework/Versions/A/IOPresentment
0x00000000026b6000 	/System/Library/PrivateFrameworks/DSExternalDisplay.framework/Versions/A/DSExternalDisplay
0x00000000026b6000 	/System/Library/Frameworks/OpenGL.framework/Versions/A/Libraries/libCoreFSCache.dylib
0x00000000026b6000 	/System/Library/Frameworks/MetalPerformanceShaders.framework/Frameworks/MPSCore.framework/Versions/A/MPSCore
0x00000000026b6000 	/System/Library/Frameworks/MetalPerformanceShaders.framework/Frameworks/MPSImage.framework/Versions/A/MPSImage
0x00000000026b6000 	/System/Library/Frameworks/MetalPerformanceShaders.framework/Frameworks/MPSNeuralNetwork.framework/Versions/A/MPSNeuralNetwork
0x00000000026b6000 	/System/Library/Frameworks/MetalPerformanceShaders.framework/Frameworks/MPSMatrix.framework/Versions/A/MPSMatrix
0x00000000026b6000 	/System/Library/Frameworks/MetalPerformanceShaders.framework/Frameworks/MPSRayIntersector.framework/Versions/A/MPSRayIntersector
0x00000000026b6000 	/System/Library/PrivateFrameworks/MetalTools.framework/Versions/A/MetalTools
0x00000000026b6000 	/System/Library/PrivateFrameworks/AggregateDictionary.framework/Versions/A/AggregateDictionary
0x00000000026b6000 	/usr/lib/libMobileGestalt.dylib
0x00000000026b6000 	/System/Library/Frameworks/CoreVideo.framework/Versions/A/CoreVideo
0x00000000026b6000 	/System/Library/PrivateFrameworks/GraphVisualizer.framework/Versions/A/GraphVisualizer
0x00000000026b6000 	/System/Library/PrivateFrameworks/FaceCore.framework/Versions/A/FaceCore
0x00000000026b6000 	/System/Library/Frameworks/OpenCL.framework/Versions/A/OpenCL
0x00000000026b6000 	/usr/lib/libFosl_dynamic.dylib
0x00000000026b6000 	/System/Library/PrivateFrameworks/OTSVG.framework/Versions/A/OTSVG
0x00000000026b6000 	/System/Library/Frameworks/ApplicationServices.framework/Versions/A/Frameworks/ATS.framework/Versions/A/Resources/libFontParser.dylib
0x00000000026b6000 	/System/Library/Frameworks/ApplicationServices.framework/Versions/A/Frameworks/ATS.framework/Versions/A/Resources/libFontRegistry.dylib
0x00000000026b6000 	/System/Library/Frameworks/ImageIO.framework/Versions/A/Resources/libJPEG.dylib
0x00000000026b6000 	/System/Library/Frameworks/ImageIO.framework/Versions/A/Resources/libTIFF.dylib
0x00000000026b6000 	/System/Library/Frameworks/ImageIO.framework/Versions/A/Resources/libPng.dylib
0x00000000026b6000 	/System/Library/Frameworks/ImageIO.framework/Versions/A/Resources/libGIF.dylib
0x00000000026b6000 	/System/Library/Frameworks/ImageIO.framework/Versions/A/Resources/libJP2.dylib
0x00000000026b6000 	/System/Library/Frameworks/ImageIO.framework/Versions/A/Resources/libRadiance.dylib
0x00000000026b6000 	/System/Library/PrivateFrameworks/AppleJPEG.framework/Versions/A/AppleJPEG
0x00000000026b6000 	/System/Library/Frameworks/OpenGL.framework/Versions/A/Libraries/libGFXShared.dylib
0x00000000026b6000 	/System/Library/Frameworks/OpenGL.framework/Versions/A/Libraries/libGLU.dylib
0x00000000026b6000 	/System/Library/Frameworks/OpenGL.framework/Versions/A/Libraries/libGL.dylib
0x00000000026b6000 	/System/Library/Frameworks/OpenGL.framework/Versions/A/Libraries/libGLImage.dylib
0x00000000026b6000 	/System/Library/Frameworks/OpenGL.framework/Versions/A/Libraries/libCVMSPluginSupport.dylib
0x00000000026b6000 	/System/Library/Frameworks/OpenGL.framework/Versions/A/Libraries/libCoreVMClient.dylib
0x00000000026b6000 	/usr/lib/libcups.2.dylib
0x00000000026b6000 	/System/Library/Frameworks/Kerberos.framework/Versions/A/Kerberos
0x00000000026b6000 	/System/Library/Frameworks/GSS.framework/Versions/A/GSS
0x00000000026b6000 	/usr/lib/libresolv.9.dylib
0x00000000026b6000 	/usr/lib/libiconv.2.dylib
0x00000000026b6000 	/System/Library/PrivateFrameworks/Heimdal.framework/Versions/A/Heimdal
0x00000000026b6000 	/usr/lib/libheimdal-asn1.dylib
0x00000000026b6000 	/System/Library/Frameworks/OpenDirectory.framework/Versions/A/OpenDirectory
0x00000000026b6000 	/System/Library/PrivateFrameworks/CommonAuth.framework/Versions/A/CommonAuth
0x00000000026b6000 	/System/Library/Frameworks/OpenDirectory.framework/Versions/A/Frameworks/CFOpenDirectory.framework/Versions/A/CFOpenDirectory
0x00000000026b6000 	/System/Library/Frameworks/SecurityFoundation.framework/Versions/A/SecurityFoundation
0x00000000026b6000 	/System/Library/PrivateFrameworks/APFS.framework/Versions/A/APFS
0x00000000026b6000 	/usr/lib/libutil.dylib
0x00000000026b6000 	/usr/lib/libcharset.1.dylib
0x00000000026b6000 	/System/Library/PrivateFrameworks/AppleSauce.framework/Versions/A/AppleSauce
0x00000000026b6000 	/System/Library/PrivateFrameworks/AssertionServices.framework/Versions/A/AssertionServices
0x00000000026b6000 	/System/Library/PrivateFrameworks/BaseBoard.framework/Versions/A/BaseBoard
0x00000000026b6000 	/usr/lib/libmecab.1.0.0.dylib
0x00000000026b6000 	/usr/lib/libgermantok.dylib
0x00000000026b6000 	/usr/lib/libThaiTokenizer.dylib
0x00000000026b6000 	/usr/lib/libChineseTokenizer.dylib
0x00000000026b6000 	/System/Library/PrivateFrameworks/LanguageModeling.framework/Versions/A/LanguageModeling
0x00000000026b6000 	/System/Library/PrivateFrameworks/CoreEmoji.framework/Versions/A/CoreEmoji
0x00000000026b6000 	/System/Library/PrivateFrameworks/Lexicon.framework/Versions/A/Lexicon
0x00000000026b6000 	/System/Library/PrivateFrameworks/LinguisticData.framework/Versions/A/LinguisticData
0x00000000026b6000 	/usr/lib/libcmph.dylib
0x00000000026b6000 	/System/Library/Frameworks/ServiceManagement.framework/Versions/A/ServiceManagement
0x00000000026b6000 	/System/Library/PrivateFrameworks/BackgroundTaskManagement.framework/Versions/A/BackgroundTaskManagement
0x00000000026b6000 	/usr/lib/libxslt.1.dylib
0x00000000026b6000 	/System/Library/Frameworks/Carbon.framework/Versions/A/Frameworks/Ink.framework/Versions/A/Ink
0x00000000026b6000 	/System/Library/PrivateFrameworks/TextureIO.framework/Versions/A/TextureIO
0x00000000026b6000 	/usr/lib/libate.dylib
0x00000000026b6000 	/System/Library/PrivateFrameworks/CrashReporterSupport.framework/Versions/A/CrashReporterSupport
0x00000000026b6000 	/System/Library/PrivateFrameworks/Sharing.framework/Versions/A/Sharing
0x00000000026b6000 	/System/Library/PrivateFrameworks/AuthKit.framework/Versions/A/AuthKit
0x00000000026b6000 	/System/Library/PrivateFrameworks/Apple80211.framework/Versions/A/Apple80211
0x00000000026b6000 	/System/Library/PrivateFrameworks/CoreUtils.framework/Versions/A/CoreUtils
0x00000000026b6000 	/System/Library/Frameworks/CoreWLAN.framework/Versions/A/CoreWLAN
0x00000000026b6000 	/System/Library/Frameworks/IOBluetooth.framework/Versions/A/IOBluetooth
0x00000000026b6000 	/System/Library/PrivateFrameworks/ProtocolBuffer.framework/Versions/A/ProtocolBuffer
0x00000000026b6000 	/System/Library/PrivateFrameworks/MobileKeyBag.framework/Versions/A/MobileKeyBag
0x00000000026b6000 	/System/Library/PrivateFrameworks/CorePhoneNumbers.framework/Versions/A/CorePhoneNumbers
0x00000000026b6000 	/System/Library/PrivateFrameworks/AppleIDAuthSupport.framework/Versions/A/AppleIDAuthSupport
0x00000000026b6000 	/System/Library/PrivateFrameworks/KeychainCircle.framework/Versions/A/KeychainCircle
0x00000000026b6000 	/System/Library/PrivateFrameworks/ROCKit.framework/Versions/A/ROCKit
0x00000000026b6000 	/System/Library/PrivateFrameworks/CoreWiFi.framework/Versions/A/CoreWiFi
0x00000000026b6000 	/System/Library/Frameworks/CoreBluetooth.framework/Versions/A/CoreBluetooth
0x00000000026b6000 	/System/Library/PrivateFrameworks/DebugSymbols.framework/Versions/A/DebugSymbols
0x00000000026b6000 	/System/Library/PrivateFrameworks/CoreSymbolication.framework/Versions/A/CoreSymbolication
0x00000000026b6000 	/System/Library/PrivateFrameworks/Symbolication.framework/Versions/A/Symbolication
0x00000000026b6000 	/System/Library/PrivateFrameworks/SpeechRecognitionCore.framework/Versions/A/SpeechRecognitionCore
0x00000000026b6000 	/System/Library/CoreServices/Encodings/libSimplifiedChineseConverter.dylib
0x0000000107600000 	/Library/Java/JavaVirtualMachines/jdk1.8.0_40.jdk/Contents/Home/jre/lib/server/libjvm.dylib
0x00000000026b6000 	/usr/lib/libstdc++.6.dylib
0x0000000106dd1000 	/Library/Java/JavaVirtualMachines/jdk1.8.0_40.jdk/Contents/Home/jre/lib/libverify.dylib
0x0000000108569000 	/Library/Java/JavaVirtualMachines/jdk1.8.0_40.jdk/Contents/Home/jre/lib/libjava.dylib
0x0000000106de9000 	/Library/Java/JavaVirtualMachines/jdk1.8.0_40.jdk/Contents/Home/jre/lib/libzip.dylib
0x00000000026b6000 	/System/Library/Frameworks/JavaVM.framework/Versions/A/Frameworks/JavaRuntimeSupport.framework/Versions/A/JavaRuntimeSupport
0x00000000026b6000 	/System/Library/Frameworks/JavaVM.framework/Versions/A/Frameworks/JavaNativeFoundation.framework/Versions/A/JavaNativeFoundation
0x00000000026b6000 	/System/Library/Frameworks/JavaVM.framework/Versions/A/JavaVM
0x00000000026b6000 	/System/Library/Frameworks/Carbon.framework/Versions/A/Carbon
0x00000000026b6000 	/System/Library/PrivateFrameworks/JavaLaunching.framework/Versions/A/JavaLaunching
0x00000000026b6000 	/System/Library/Frameworks/Carbon.framework/Versions/A/Frameworks/CommonPanels.framework/Versions/A/CommonPanels
0x00000000026b6000 	/System/Library/Frameworks/Carbon.framework/Versions/A/Frameworks/Help.framework/Versions/A/Help
0x00000000026b6000 	/System/Library/Frameworks/Carbon.framework/Versions/A/Frameworks/ImageCapture.framework/Versions/A/ImageCapture
0x00000000026b6000 	/System/Library/Frameworks/Carbon.framework/Versions/A/Frameworks/OpenScripting.framework/Versions/A/OpenScripting
0x00000000026b6000 	/System/Library/Frameworks/Carbon.framework/Versions/A/Frameworks/Print.framework/Versions/A/Print
0x00000000026b6000 	/System/Library/Frameworks/Carbon.framework/Versions/A/Frameworks/SecurityHI.framework/Versions/A/SecurityHI
0x000000011095c000 	/Library/Java/JavaVirtualMachines/jdk1.8.0_40.jdk/Contents/Home/jre/lib/libmanagement.dylib
0x00000001109e6000 	/Library/Java/JavaVirtualMachines/jdk1.8.0_40.jdk/Contents/Home/jre/lib/libnio.dylib
0x0000000110d15000 	/Library/Java/JavaVirtualMachines/jdk1.8.0_40.jdk/Contents/Home/jre/lib/./libnet.dylib
0x000000012317a000 	/private/var/folders/d3/bt61n4p138vb03yh91cs5y800000gn/T/librocksdbjni4477685487371220045.jnilib

VM Arguments:
java_command: /Users/wuwf/project/demo 2/target/surefire/surefirebooter7742893043976934712.jar /Users/wuwf/project/demo 2/target/surefire 2019-06-18T16-43-46_725-jvmRun1 surefire4124869101507251234tmp surefire_07939545511182888639tmp
java_class_path (initial): /Users/wuwf/project/demo 2/target/surefire/surefirebooter7742893043976934712.jar
Launcher Type: SUN_STANDARD

Environment Variables:
JAVA_HOME=/Library/Java/JavaVirtualMachines/jdk1.8.0_40.jdk/Contents/Home
PATH=/Users/wuwf/anaconda3/bin:/Library/Frameworks/Python.framework/Versions/3.6/bin:/usr/local/bin:/usr/bin:/bin:/usr/sbin:/sbin:/usr/local/go/bin:/Users/wuwf/software/apache-maven-3.3.9//bin:/Library/Java/JavaVirtualMachines/jdk1.8.0_40.jdk/Contents/Home/bin:/Users/wuwf/Downloads/hadoop-2.8.3/bin:/Users/wuwf/Downloads/hadoop-2.8.3/sbin
SHELL=/bin/bash

Signal Handlers:
SIGSEGV: [libjvm.dylib+0x58ef95], sa_mask[0]=11111111011111110111111111111111, sa_flags=SA_ONSTACK|SA_RESTART|SA_SIGINFO
SIGBUS: [libjvm.dylib+0x58ef95], sa_mask[0]=11111111011111110111111111111111, sa_flags=SA_RESTART|SA_SIGINFO
SIGFPE: [libjvm.dylib+0x46c118], sa_mask[0]=11111111011111110111111111111111, sa_flags=SA_RESTART|SA_SIGINFO
SIGPIPE: [libjvm.dylib+0x46c118], sa_mask[0]=11111111011111110111111111111111, sa_flags=SA_RESTART|SA_SIGINFO
SIGXFSZ: [libjvm.dylib+0x46c118], sa_mask[0]=11111111011111110111111111111111, sa_flags=SA_RESTART|SA_SIGINFO
SIGILL: [libjvm.dylib+0x46c118], sa_mask[0]=11111111011111110111111111111111, sa_flags=SA_RESTART|SA_SIGINFO
SIGUSR1: SIG_DFL, sa_mask[0]=11011111011111100000000111000110, sa_flags=none
SIGUSR2: [libjvm.dylib+0x46bc36], sa_mask[0]=00100000000000000000000000000000, sa_flags=SA_RESTART|SA_SIGINFO
SIGHUP: [libjvm.dylib+0x46a209], sa_mask[0]=11111111011111110111111111111111, sa_flags=SA_RESTART|SA_SIGINFO
SIGINT: [libjvm.dylib+0x46a209], sa_mask[0]=11111111011111110111111111111111, sa_flags=SA_RESTART|SA_SIGINFO
SIGTERM: [libjvm.dylib+0x46a209], sa_mask[0]=11111111011111110111111111111111, sa_flags=SA_RESTART|SA_SIGINFO
SIGQUIT: [libjvm.dylib+0x46a209], sa_mask[0]=11111111011111110111111111111111, sa_flags=SA_RESTART|SA_SIGINFO


---------------  S Y S T E M  ---------------

OS:Bsduname:Darwin 18.6.0 Darwin Kernel Version 18.6.0: Thu Apr 25 23:16:27 PDT 2019; root:xnu-4903.261.4~2/RELEASE_X86_64 x86_64
rlimit: STACK 8192k, CORE 0k, NPROC 709, NOFILE 10240, AS infinity
load average:4.74 4.83 4.73

CPU:total 4 (2 cores per cpu, 2 threads per core) family 6 model 61 stepping 4, cmov, cx8, fxsr, mmx, sse, sse2, sse3, ssse3, sse4.1, sse4.2, popcnt, avx, avx2, aes, clmul, erms, 3dnowpref, lzcnt, ht, tsc, tscinvbit, bmi1, bmi2, adx

Memory: 4k page, physical 8388608k(316784k free)

/proc/meminfo:


vm_info: Java HotSpot(TM) 64-Bit Server VM (25.40-b25) for bsd-amd64 JRE (1.8.0_40-b27), built on Mar 13 2015 04:46:52 by "java_re" with gcc 4.2.1 (Based on Apple Inc. build 5658) (LLVM build 2336.11.00)

time: Tue Jun 18 16:44:01 2019
elapsed time: 13 seconds (0d 0h 0m 13s)

